Build started 20.12.2016 16:19:09.
     1>Project "E:\Univer\Shiman\Labs\ConcurrentServerQueue\ConcurrentClient\ConcurrentClient.vcxproj" on node 3 (Rebuild target(s)).
     1>ClCompile:
         C:\Program Files (x86)\Microsoft Visual Studio 12.0\VC\bin\CL.exe /c /ZI /nologo /W3 /WX- /Od /Oy- /D WIN32 /D _DEBUG /D _CONSOLE /D _LIB /D _USING_V110_SDK71_ /D _UNICODE /D UNICODE /Gm /EHsc /RTC1 /MTd /GS /fp:precise /Zc:wchar_t /Zc:forScope /Fo"Debug\\" /Fd"Debug\vc120.pdb" /Gd /TP /analyze- /errorReport:prompt client.cpp
         client.cpp
     1>e:\univer\shiman\labs\concurrentserverqueue\commoncode\common_code.h(80): warning C4996: 'strcpy': This function or variable may be unsafe. Consider using strcpy_s instead. To disable deprecation, use _CRT_SECURE_NO_WARNINGS. See online help for details.
                 c:\program files (x86)\microsoft visual studio 12.0\vc\include\string.h(112) : see declaration of 'strcpy'
     1>e:\univer\shiman\labs\concurrentserverqueue\commoncode\common_code.h(93): warning C4996: 'strcpy': This function or variable may be unsafe. Consider using strcpy_s instead. To disable deprecation, use _CRT_SECURE_NO_WARNINGS. See online help for details.
                 c:\program files (x86)\microsoft visual studio 12.0\vc\include\string.h(112) : see declaration of 'strcpy'
     1>e:\univer\shiman\labs\concurrentserverqueue\commoncode\common_code.h(117): warning C4244: 'argument' : conversion from 'DWORD' to 'WORD', possible loss of data
     1>e:\univer\shiman\labs\concurrentserverqueue\commoncode\common_code.h(123): warning C4244: 'argument' : conversion from 'DWORD' to 'WORD', possible loss of data
     1>e:\univer\shiman\labs\concurrentserverqueue\concurrentclient\client.cpp(80): warning C4996: 'scanf': This function or variable may be unsafe. Consider using scanf_s instead. To disable deprecation, use _CRT_SECURE_NO_WARNINGS. See online help for details.
                 c:\program files (x86)\microsoft visual studio 12.0\vc\include\stdio.h(283) : see declaration of 'scanf'
     1>e:\univer\shiman\labs\concurrentserverqueue\concurrentclient\client.cpp(84): warning C4996: 'scanf': This function or variable may be unsafe. Consider using scanf_s instead. To disable deprecation, use _CRT_SECURE_NO_WARNINGS. See online help for details.
                 c:\program files (x86)\microsoft visual studio 12.0\vc\include\stdio.h(283) : see declaration of 'scanf'
     1>e:\univer\shiman\labs\concurrentserverqueue\concurrentclient\client.cpp(99): warning C4996: 'sprintf': This function or variable may be unsafe. Consider using sprintf_s instead. To disable deprecation, use _CRT_SECURE_NO_WARNINGS. See online help for details.
                 c:\program files (x86)\microsoft visual studio 12.0\vc\include\stdio.h(356) : see declaration of 'sprintf'
     1>e:\univer\shiman\labs\concurrentserverqueue\concurrentclient\client.cpp(130): warning C4996: 'scanf': This function or variable may be unsafe. Consider using scanf_s instead. To disable deprecation, use _CRT_SECURE_NO_WARNINGS. See online help for details.
                 c:\program files (x86)\microsoft visual studio 12.0\vc\include\stdio.h(283) : see declaration of 'scanf'
       Link:
         C:\Program Files (x86)\Microsoft Visual Studio 12.0\VC\bin\link.exe /ERRORREPORT:PROMPT /OUT:"E:\Univer\Shiman\Labs\ConcurrentServerQueue\Debug\ConcurrentClient.exe" /INCREMENTAL /NOLOGO WS2_32.lib kernel32.lib user32.lib gdi32.lib winspool.lib comdlg32.lib advapi32.lib shell32.lib ole32.lib oleaut32.lib uuid.lib odbc32.lib odbccp32.lib kernel32.lib user32.lib gdi32.lib winspool.lib comdlg32.lib advapi32.lib shell32.lib ole32.lib oleaut32.lib uuid.lib odbc32.lib odbccp32.lib /NODEFAULTLIB:LIBCMT /NODEFAULTLIB:MSVCRTD /MANIFEST /MANIFESTUAC:"level='asInvoker' uiAccess='false'" /manifest:embed /DEBUG /PDB:"E:\Univer\Shiman\Labs\ConcurrentServerQueue\Debug\ConcurrentClient.pdb" /SUBSYSTEM:CONSOLE,"5.01" /TLBID:1 /DYNAMICBASE /NXCOMPAT /IMPLIB:"E:\Univer\Shiman\Labs\ConcurrentServerQueue\Debug\ConcurrentClient.lib" /MACHINE:X86 Debug\client.obj
         ConcurrentClient.vcxproj -> E:\Univer\Shiman\Labs\ConcurrentServerQueue\Debug\ConcurrentClient.exe
     1>Done Building Project "E:\Univer\Shiman\Labs\ConcurrentServerQueue\ConcurrentClient\ConcurrentClient.vcxproj" (Rebuild target(s)).

Build succeeded.

Time Elapsed 00:00:04.34
