Build started 13.11.2016 11:55:54.
     1>Project "E:\Univer\Shiman\Labs\ConcurrentServer\ConcurrentServer\ConcurrentServer.vcxproj" on node 2 (Build target(s)).
     1>ClCompile:
         C:\Program Files (x86)\Microsoft Visual Studio 12.0\VC\bin\CL.exe /c /ZI /nologo /W3 /WX- /Od /Oy- /D WIN32 /D _DEBUG /D _CONSOLE /D _LIB /D _USING_V110_SDK71_ /D _UNICODE /D UNICODE /Gm /EHsc /RTC1 /MTd /GS /fp:precise /Zc:wchar_t /Zc:forScope /Fo"Debug\\" /Fd"Debug\vc120.pdb" /Gd /TP /analyze- /errorReport:prompt server.cpp
         server.cpp
     1>e:\univer\shiman\labs\concurrentserver\commoncode\common_code.h(72): warning C4996: 'strcpy': This function or variable may be unsafe. Consider using strcpy_s instead. To disable deprecation, use _CRT_SECURE_NO_WARNINGS. See online help for details.
                 c:\program files (x86)\microsoft visual studio 12.0\vc\include\string.h(112) : see declaration of 'strcpy'
     1>e:\univer\shiman\labs\concurrentserver\commoncode\common_code.h(85): warning C4996: 'strcpy': This function or variable may be unsafe. Consider using strcpy_s instead. To disable deprecation, use _CRT_SECURE_NO_WARNINGS. See online help for details.
                 c:\program files (x86)\microsoft visual studio 12.0\vc\include\string.h(112) : see declaration of 'strcpy'
     1>e:\univer\shiman\labs\concurrentserver\commoncode\common_code.h(109): warning C4244: 'argument' : conversion from 'DWORD' to 'WORD', possible loss of data
     1>e:\univer\shiman\labs\concurrentserver\commoncode\common_code.h(115): warning C4244: 'argument' : conversion from 'DWORD' to 'WORD', possible loss of data
     1>e:\univer\shiman\labs\concurrentserver\concurrentserver\server.cpp(299): warning C4018: '<' : signed/unsigned mismatch
     1>e:\univer\shiman\labs\concurrentserver\concurrentserver\server.cpp(351): warning C4018: '<' : signed/unsigned mismatch
     1>e:\univer\shiman\labs\concurrentserver\concurrentserver\server.cpp(387): warning C4996: 'sscanf': This function or variable may be unsafe. Consider using sscanf_s instead. To disable deprecation, use _CRT_SECURE_NO_WARNINGS. See online help for details.
                 c:\program files (x86)\microsoft visual studio 12.0\vc\include\stdio.h(304) : see declaration of 'sscanf'
       Link:
         C:\Program Files (x86)\Microsoft Visual Studio 12.0\VC\bin\link.exe /ERRORREPORT:PROMPT /OUT:"E:\Univer\Shiman\Labs\ConcurrentServer\Debug\ConcurrentServer.exe" /INCREMENTAL /NOLOGO WS2_32.lib kernel32.lib user32.lib gdi32.lib winspool.lib comdlg32.lib advapi32.lib shell32.lib ole32.lib oleaut32.lib uuid.lib odbc32.lib odbccp32.lib kernel32.lib user32.lib gdi32.lib winspool.lib comdlg32.lib advapi32.lib shell32.lib ole32.lib oleaut32.lib uuid.lib odbc32.lib odbccp32.lib /NODEFAULTLIB:LIBCMT /NODEFAULTLIB:MSVCRTD /MANIFEST /MANIFESTUAC:"level='asInvoker' uiAccess='false'" /manifest:embed /DEBUG /PDB:"E:\Univer\Shiman\Labs\ConcurrentServer\Debug\ConcurrentServer.pdb" /SUBSYSTEM:CONSOLE,"5.01" /TLBID:1 /DYNAMICBASE /NXCOMPAT /IMPLIB:"E:\Univer\Shiman\Labs\ConcurrentServer\Debug\ConcurrentServer.lib" /MACHINE:X86 Debug\server.obj
         ConcurrentServer.vcxproj -> E:\Univer\Shiman\Labs\ConcurrentServer\Debug\ConcurrentServer.exe
     1>Done Building Project "E:\Univer\Shiman\Labs\ConcurrentServer\ConcurrentServer\ConcurrentServer.vcxproj" (Build target(s)).

Build succeeded.

Time Elapsed 00:00:02.06
